<?xml version="1.0" encoding="UTF-8"?>
<!-- Generated by org.testng.reporters.JUnitReportReporter -->
<testsuite hostname="DESKTOP-G9EP3RG" failures="0" tests="2" name="AssertInTestNG.AssertEqualsStudy" time="0.019" errors="0" timestamp="2022-03-23T21:06:09 PDT" skipped="0">
  <testcase classname="AssertInTestNG.AssertEqualsStudy" name="Test2" time="0.002"/>
  <system-out/>
  <testcase classname="AssertInTestNG.AssertEqualsStudy" name="Test1" time="0.017"/>
  <system-out/>
</testsuite> <!-- AssertInTestNG.AssertEqualsStudy -->
