<?xml version="1.0" encoding="UTF-8"?>
<!-- Generated by org.testng.reporters.JUnitReportReporter -->
<testsuite hostname="DESKTOP-G9EP3RG" failures="0" tests="2" name="Parallel.Parallel2" time="13.603" errors="0" timestamp="2022-03-23T00:44:34 PDT" skipped="0">
  <testcase classname="Parallel.Parallel2" name="yourmethod2" time="6.399"/>
  <system-out/>
  <testcase classname="Parallel.Parallel2" name="yourmethod1" time="7.204"/>
  <system-out/>
</testsuite> <!-- Parallel.Parallel2 -->
