<?xml version="1.0" encoding="UTF-8"?>
<!-- Generated by org.testng.reporters.JUnitReportReporter -->
<testsuite hostname="DESKTOP-G9EP3RG" failures="0" tests="2" name="testNGstudys.CrossBrowserTest" time="28.472" errors="0" timestamp="2022-03-24T00:30:18 PDT" skipped="0">
  <testcase classname="testNGstudys.CrossBrowserTest" name="CrossBrowser" time="18.843"/>
  <system-out/>
  <testcase classname="testNGstudys.CrossBrowserTest" name="CrossBrowser" time="9.629"/>
  <system-out/>
</testsuite> <!-- testNGstudys.CrossBrowserTest -->
