<?xml version="1.0" encoding="UTF-8"?>
<!-- Generated by org.testng.reporters.JUnitReportReporter -->
<testsuite hostname="DESKTOP-G9EP3RG" failures="0" tests="1" name="testNGstudys.AnnotationsStudy" time="0.006" errors="0" timestamp="2022-03-20T23:41:03 PDT" skipped="0">
  <testcase classname="testNGstudys.AnnotationsStudy" name="MyMethod" time="0.006"/>
  <system-out>
    <![CDATA[my method is running]]>
  </system-out>
</testsuite> <!-- testNGstudys.AnnotationsStudy -->
