<?xml version="1.0" encoding="UTF-8"?>
<!-- Generated by org.testng.reporters.JUnitReportReporter -->
<testsuite hostname="DESKTOP-G9EP3RG" failures="0" tests="1" name="testNGgroupingInXml.NewTest" time="0.020" errors="0" timestamp="2022-03-21T22:43:18 PDT" skipped="0">
  <testcase classname="testNGgroupingInXml.NewTest" name="mymethod1" time="0.020"/>
  <system-out>
    <![CDATA[mymethod1]]>
  </system-out>
</testsuite> <!-- testNGgroupingInXml.NewTest -->
