<?xml version="1.0" encoding="UTF-8"?>
<!-- Generated by org.testng.reporters.JUnitReportReporter -->
<testsuite hostname="DESKTOP-G9EP3RG" failures="0" tests="2" name="serialAndParallel.serialAndParallel2" time="11.685" errors="0" timestamp="2022-03-23T00:33:54 PDT" skipped="0">
  <testcase classname="serialAndParallel.serialAndParallel2" name="YourMethod1" time="5.557"/>
  <system-out/>
  <testcase classname="serialAndParallel.serialAndParallel2" name="YourMethod2" time="6.128"/>
  <system-out/>
</testsuite> <!-- serialAndParallel.serialAndParallel2 -->
