<?xml version="1.0" encoding="UTF-8"?>
<!-- Generated by org.testng.reporters.JUnitReportReporter -->
<testsuite hostname="DESKTOP-G9EP3RG" failures="0" tests="2" name="Parallel.Parallel1" time="9.578" errors="0" timestamp="2022-03-23T00:44:34 PDT" skipped="0">
  <testcase classname="Parallel.Parallel1" name="MyMethod1" time="4.507"/>
  <system-out/>
  <testcase classname="Parallel.Parallel1" name="MyMethod2" time="5.071"/>
  <system-out/>
</testsuite> <!-- Parallel.Parallel1 -->
