<?xml version="1.0" encoding="UTF-8"?>
<!-- Generated by org.testng.reporters.JUnitReportReporter -->
<testsuite hostname="DESKTOP-G9EP3RG" failures="0" tests="1" name="failedXml.NewTest" time="0.054" errors="0" timestamp="2022-03-22T00:36:30 PDT" skipped="0">
  <testcase classname="failedXml.NewTest" name="MyMethod2" time="0.054"/>
  <system-out>
    <![CDATA[mymethod2]]>
  </system-out>
</testsuite> <!-- failedXml.NewTest -->
