<?xml version="1.0" encoding="UTF-8"?>
<!-- Generated by org.testng.reporters.JUnitReportReporter -->
<testsuite hostname="DESKTOP-G9EP3RG" failures="0" tests="2" name="testNGstudys.PriorityStudy" time="0.011" errors="0" timestamp="2022-03-21T00:18:48 PDT" skipped="0">
  <testcase classname="testNGstudys.PriorityStudy" name="facebook" time="0.008"/>
  <system-out>
    <![CDATA[facebook]]>
  </system-out>
  <testcase classname="testNGstudys.PriorityStudy" name="instagram" time="0.003"/>
  <system-out>
    <![CDATA[instagram]]>
  </system-out>
</testsuite> <!-- testNGstudys.PriorityStudy -->
