<?xml version="1.0" encoding="UTF-8"?>
<!-- Generated by org.testng.reporters.JUnitReportReporter -->
<testsuite hostname="DESKTOP-G9EP3RG" failures="0" tests="2" name="testNGstudys.DependsOnMethods" time="0.010" errors="0" timestamp="2022-03-21T00:26:30 PDT" skipped="0">
  <testcase classname="testNGstudys.DependsOnMethods" name="instagram2" time="0.007"/>
  <system-out>
    <![CDATA[facebook]]>
  </system-out>
  <testcase classname="testNGstudys.DependsOnMethods" name="facebook1" time="0.003"/>
  <system-out>
    <![CDATA[facebook]]>
  </system-out>
</testsuite> <!-- testNGstudys.DependsOnMethods -->
