<?xml version="1.0" encoding="UTF-8"?>
<!-- Generated by org.testng.reporters.JUnitReportReporter -->
<testsuite hostname="DESKTOP-G9EP3RG" failures="0" tests="2" name="serialAndParallel.serialAndParallel1" time="9.698" errors="0" timestamp="2022-03-23T00:33:54 PDT" skipped="0">
  <testcase classname="serialAndParallel.serialAndParallel1" name="MyMethod" time="5.077"/>
  <system-out/>
  <testcase classname="serialAndParallel.serialAndParallel1" name="MyMethod2" time="4.621"/>
  <system-out/>
</testsuite> <!-- serialAndParallel.serialAndParallel1 -->
