<?xml version="1.0" encoding="UTF-8"?>
<!-- Generated by org.testng.reporters.JUnitReportReporter -->
<testsuite hostname="DESKTOP-G9EP3RG" failures="0" tests="6" name="testNGstudys.InnvocationCountStudy" time="0.023" errors="0" timestamp="2022-03-21T00:14:22 PDT" skipped="0">
  <testcase classname="testNGstudys.InnvocationCountStudy" name="twitter" time="0.003"/>
  <system-out>
    <![CDATA[facebook]]>
  </system-out>
  <testcase classname="testNGstudys.InnvocationCountStudy" name="facebook" time="0.010"/>
  <system-out>
    <![CDATA[facebook]]>
  </system-out>
  <testcase classname="testNGstudys.InnvocationCountStudy" name="twitter" time="0.002"/>
  <system-out>
    <![CDATA[facebook]]>
  </system-out>
  <testcase classname="testNGstudys.InnvocationCountStudy" name="instagram" time="0.002"/>
  <system-out>
    <![CDATA[facebook]]>
  </system-out>
  <testcase classname="testNGstudys.InnvocationCountStudy" name="instagram" time="0.003"/>
  <system-out>
    <![CDATA[facebook]]>
  </system-out>
  <testcase classname="testNGstudys.InnvocationCountStudy" name="twitter" time="0.003"/>
  <system-out>
    <![CDATA[facebook]]>
  </system-out>
</testsuite> <!-- testNGstudys.InnvocationCountStudy -->
