<?xml version="1.0" encoding="UTF-8"?>
<!-- Generated by org.testng.reporters.JUnitReportReporter -->
<testsuite hostname="DESKTOP-G9EP3RG" failures="0" tests="1" name="testNGSuite.NewTest" time="0.034" errors="0" timestamp="2022-03-21T22:06:14 PDT" skipped="0">
  <testcase classname="testNGSuite.NewTest" name="mymethod1" time="0.034"/>
  <system-out>
    <![CDATA[mymethod1]]>
  </system-out>
</testsuite> <!-- testNGSuite.NewTest -->
