<?xml version="1.0" encoding="UTF-8"?>
<!-- Generated by org.testng.reporters.JUnitReportReporter -->
<testsuite hostname="DESKTOP-G9EP3RG" failures="0" tests="3" name="testNGstudys.EnabledStudy" time="0.045" errors="0" timestamp="2022-03-21T00:07:44 PDT" skipped="0">
  <testcase classname="testNGstudys.EnabledStudy" name="MyMethod1" time="0.027"/>
  <system-out>
    <![CDATA[my method 2 ]]>
  </system-out>
  <testcase classname="testNGstudys.EnabledStudy" name="MyMethod2" time="0.014"/>
  <system-out>
    <![CDATA[my method 2]]>
  </system-out>
  <testcase classname="testNGstudys.EnabledStudy" name="MyMethod3" time="0.004"/>
  <system-out>
    <![CDATA[my method 3]]>
  </system-out>
</testsuite> <!-- testNGstudys.EnabledStudy -->
