<?xml version="1.0" encoding="UTF-8"?>
<!-- Generated by org.testng.reporters.JUnitReportReporter -->
<testsuite hostname="DESKTOP-G9EP3RG" failures="0" tests="4" name="testNGstudys.NewTest1" time="0.022" errors="0" timestamp="2022-03-18T19:28:27 PDT" skipped="0">
  <testcase classname="testNGstudys.NewTest1" name="facebook" time="0.013"/>
  <system-out>
    <![CDATA[facebook.com]]>
  </system-out>
  <testcase classname="testNGstudys.NewTest1" name="flipcart" time="0.003"/>
  <system-out/>
  <testcase classname="testNGstudys.NewTest1" name="amazon" time="0.005"/>
  <system-out/>
  <testcase classname="testNGstudys.NewTest1" name="lenscart" time="0.001"/>
  <system-out/>
</testsuite> <!-- testNGstudys.NewTest1 -->
